build/app/intermediates/manifest_merge_blame_file/debug/manifest-merger-blame-debug-report.txt
1<?xml version="1.0" encoding="utf-8"?>
2<manifest xmlns:android="http://schemas.android.com/apk/res/android"
3    package="com.interm.mobile_application_srisawad"
4    android:versionCode="66"
5    android:versionName="1.0.65" >
6
7    <uses-sdk
8        android:minSdkVersion="21"
9        android:targetSdkVersion="31" />
10    <!--
11         The INTERNET permission is required for development. Specifically,
12         the Flutter tool needs it to communicate with the running application
13         to allow setting breakpoints, to provide hot reload, etc.
14    -->
15    <uses-permission android:name="android.permission.INTERNET" />
15-->src/main/AndroidManifest.xml:2:5-66
15-->src/main/AndroidManifest.xml:2:22-64
16    <uses-permission android:name="android.permission.ACCESS_FINE_LOCATION" />
16-->src/main/AndroidManifest.xml:3:5-79
16-->src/main/AndroidManifest.xml:3:22-76
17    <uses-permission android:name="android.permission.ACCESS_NETWORK_STATE" />
17-->src/main/AndroidManifest.xml:4:5-79
17-->src/main/AndroidManifest.xml:4:22-76
18    <uses-permission android:name="android.permission.ACCESS_COARSE_LOCATION" />
18-->src/main/AndroidManifest.xml:5:5-81
18-->src/main/AndroidManifest.xml:5:22-78
19    <uses-permission android:name="android.permission.POST_NOTIFICATIONS" />
19-->src/main/AndroidManifest.xml:6:5-76
19-->src/main/AndroidManifest.xml:6:22-74
20    <uses-permission android:name="android.permission.CAMERA" />
20-->src/main/AndroidManifest.xml:7:5-65
20-->src/main/AndroidManifest.xml:7:22-62
21    <uses-permission android:name="android.permission.WRITE_EXTERNAL_STORAGE" />
21-->src/main/AndroidManifest.xml:8:5-81
21-->src/main/AndroidManifest.xml:8:22-78
22    <uses-permission
22-->src/main/AndroidManifest.xml:9:5-10:37
23        android:name="android.permission.READ_EXTERNAL_STORAGE"
23-->src/main/AndroidManifest.xml:9:22-77
24        android:maxSdkVersion="32" />
24-->src/main/AndroidManifest.xml:10:9-35
25    <uses-permission android:name="android.permission.READ_MEDIA_IMAGES" />
25-->src/main/AndroidManifest.xml:11:5-75
25-->src/main/AndroidManifest.xml:11:22-73
26    <uses-permission android:name="android.permission.USE_BIOMETRIC" />
26-->src/main/AndroidManifest.xml:12:5-71
26-->src/main/AndroidManifest.xml:12:22-69
27    <uses-permission android:name="android.permission.WAKE_LOCK" />
27-->[:firebase_messaging] AndroidManifest.xml:10:5-68
27-->[:firebase_messaging] AndroidManifest.xml:10:22-65
28    <uses-permission android:name="android.permission.RECEIVE_BOOT_COMPLETED" />
28-->[:flutter_local_notifications] AndroidManifest.xml:9:5-81
28-->[:flutter_local_notifications] AndroidManifest.xml:9:22-78
29    <uses-permission android:name="android.permission.VIBRATE" />
29-->[:flutter_local_notifications] AndroidManifest.xml:10:5-66
29-->[:flutter_local_notifications] AndroidManifest.xml:10:22-63
30    <uses-permission android:name="android.permission.USE_FULL_SCREEN_INTENT" />
30-->[:flutter_local_notifications] AndroidManifest.xml:11:5-81
30-->[:flutter_local_notifications] AndroidManifest.xml:11:22-78
31    <uses-permission android:name="android.permission.SCHEDULE_EXACT_ALARM" /> <!-- suppress DeprecatedClassUsageInspection -->
31-->[:flutter_local_notifications] AndroidManifest.xml:12:5-79
31-->[:flutter_local_notifications] AndroidManifest.xml:12:22-76
32    <uses-permission android:name="android.permission.USE_FINGERPRINT" />
32-->[androidx.biometric:biometric:1.1.0] AndroidManifest.xml:27:5-74
32-->[androidx.biometric:biometric:1.1.0] AndroidManifest.xml:27:22-71
33
34    <uses-feature
34-->[com.google.android.gms:play-services-maps:18.1.0] AndroidManifest.xml:26:5-28:35
35        android:glEsVersion="0x00020000"
35-->[com.google.android.gms:play-services-maps:18.1.0] AndroidManifest.xml:27:9-41
36        android:required="true" />
36-->[com.google.android.gms:play-services-maps:18.1.0] AndroidManifest.xml:28:9-32
37
38    <queries>
38-->[com.google.android.gms:play-services-maps:18.1.0] AndroidManifest.xml:30:5-34:15
39
40        <!-- Needs to be explicitly declared on Android R+ -->
41        <package android:name="com.google.android.apps.maps" />
41-->[com.google.android.gms:play-services-maps:18.1.0] AndroidManifest.xml:33:9-64
41-->[com.google.android.gms:play-services-maps:18.1.0] AndroidManifest.xml:33:18-61
42    </queries> <!-- Required by older versions of Google Play services to create IID tokens -->
43    <uses-permission android:name="com.google.android.c2dm.permission.RECEIVE" />
43-->[com.google.firebase:firebase-messaging:23.1.0] AndroidManifest.xml:28:5-82
43-->[com.google.firebase:firebase-messaging:23.1.0] AndroidManifest.xml:28:22-79
44    <uses-permission android:name="com.google.android.gms.permission.AD_ID" />
44-->[com.google.android.gms:play-services-measurement-api:21.2.0] AndroidManifest.xml:25:5-79
44-->[com.google.android.gms:play-services-measurement-api:21.2.0] AndroidManifest.xml:25:22-76
45    <uses-permission android:name="com.google.android.finsky.permission.BIND_GET_INSTALL_REFERRER_SERVICE" />
45-->[com.google.android.gms:play-services-measurement:21.2.0] AndroidManifest.xml:26:5-110
45-->[com.google.android.gms:play-services-measurement:21.2.0] AndroidManifest.xml:26:22-107
46    <uses-permission android:name="android.permission.FOREGROUND_SERVICE" />
46-->[androidx.work:work-runtime:2.7.0] AndroidManifest.xml:28:5-77
46-->[androidx.work:work-runtime:2.7.0] AndroidManifest.xml:28:22-74
47
48    <permission
48-->[androidx.core:core:1.10.1] AndroidManifest.xml:22:5-24:47
49        android:name="com.interm.mobile_application_srisawad.DYNAMIC_RECEIVER_NOT_EXPORTED_PERMISSION"
49-->[androidx.core:core:1.10.1] AndroidManifest.xml:23:9-81
50        android:protectionLevel="signature" />
50-->[androidx.core:core:1.10.1] AndroidManifest.xml:24:9-44
51
52    <uses-permission android:name="com.interm.mobile_application_srisawad.DYNAMIC_RECEIVER_NOT_EXPORTED_PERMISSION" />
52-->[androidx.core:core:1.10.1] AndroidManifest.xml:26:5-97
52-->[androidx.core:core:1.10.1] AndroidManifest.xml:26:22-94
53
54    <application
55        android:name="android.app.Application"
56        android:appComponentFactory="androidx.core.app.CoreComponentFactory"
56-->[androidx.core:core:1.10.1] AndroidManifest.xml:28:18-86
57        android:debuggable="true"
58        android:enableOnBackInvokedCallback="true"
59        android:icon="@mipmap/ic_launcher"
60        android:label="mobile_application_srisawad" >
61        <meta-data
62            android:name="com.google.android.geo.API_KEY"
63            android:value="AIzaSyAhlPSv8L0Vmjfj96vgFaJupEV3p-JhQuY" />
64
65        <activity
66            android:name="com.interm.mobile_application_srisawad.MainActivity"
67            android:configChanges="orientation|keyboardHidden|keyboard|screenSize|smallestScreenSize|locale|layoutDirection|fontScale|screenLayout|density|uiMode"
68            android:exported="true"
69            android:hardwareAccelerated="true"
70            android:launchMode="singleTop"
71            android:theme="@style/LaunchTheme"
72            android:windowSoftInputMode="adjustResize" >
73
74            <!--
75                 Specifies an Android theme to apply to this Activity as soon as
76                 the Android process has started. This theme is visible to the user
77                 while the Flutter UI initializes. After that, this theme continues
78                 to determine the Window background behind the Flutter UI.
79            -->
80            <meta-data
81                android:name="io.flutter.embedding.android.NormalTheme"
82                android:resource="@style/NormalTheme" />
83
84            <intent-filter>
85                <action android:name="android.intent.action.MAIN" />
86
87                <category android:name="android.intent.category.LAUNCHER" />
88            </intent-filter>
89        </activity>
90
91        <meta-data
92            android:name="io.flutter.app.android.SplashScreenUntilFirstFrame"
93            android:value="true" />
94        <meta-data
95            android:name="com.google.firebase.messaging.default_notification_channel_id"
96            android:value="@string/default_notification_channel_id" />
97        <!--
98             Don't delete the meta-data below.
99             This is used by the Flutter tool to generate GeneratedPluginRegistrant.java
100        -->
101        <meta-data
102            android:name="flutterEmbedding"
103            android:value="2" />
104        <!-- <meta-data android:name="com.google.firebase.messaging.default_notification_channel_id" android:value="@string/default_notification_channel_id" /> -->
105
106        <service
106-->[:firebase_messaging] AndroidManifest.xml:16:9-19:72
107            android:name="io.flutter.plugins.firebase.messaging.FlutterFirebaseMessagingBackgroundService"
107-->[:firebase_messaging] AndroidManifest.xml:17:13-107
108            android:exported="false"
108-->[:firebase_messaging] AndroidManifest.xml:18:13-37
109            android:permission="android.permission.BIND_JOB_SERVICE" />
109-->[:firebase_messaging] AndroidManifest.xml:19:13-69
110        <service
110-->[:firebase_messaging] AndroidManifest.xml:20:9-26:19
111            android:name="io.flutter.plugins.firebase.messaging.FlutterFirebaseMessagingService"
111-->[:firebase_messaging] AndroidManifest.xml:21:13-97
112            android:exported="false" >
112-->[:firebase_messaging] AndroidManifest.xml:22:13-37
113            <intent-filter>
113-->[:firebase_messaging] AndroidManifest.xml:23:13-25:29
114                <action android:name="com.google.firebase.MESSAGING_EVENT" />
114-->[:firebase_messaging] AndroidManifest.xml:24:17-78
114-->[:firebase_messaging] AndroidManifest.xml:24:25-75
115            </intent-filter>
116        </service>
117
118        <receiver
118-->[:firebase_messaging] AndroidManifest.xml:28:9-35:20
119            android:name="io.flutter.plugins.firebase.messaging.FlutterFirebaseMessagingReceiver"
119-->[:firebase_messaging] AndroidManifest.xml:29:13-98
120            android:exported="true"
120-->[:firebase_messaging] AndroidManifest.xml:30:13-36
121            android:permission="com.google.android.c2dm.permission.SEND" >
121-->[:firebase_messaging] AndroidManifest.xml:31:13-73
122            <intent-filter>
122-->[:firebase_messaging] AndroidManifest.xml:32:13-34:29
123                <action android:name="com.google.android.c2dm.intent.RECEIVE" />
123-->[:firebase_messaging] AndroidManifest.xml:33:17-81
123-->[:firebase_messaging] AndroidManifest.xml:33:25-78
124            </intent-filter>
125        </receiver>
126
127        <service
127-->[:firebase_messaging] AndroidManifest.xml:37:9-41:19
128            android:name="com.google.firebase.components.ComponentDiscoveryService"
128-->[:firebase_messaging] AndroidManifest.xml:37:18-89
129            android:directBootAware="true"
129-->[com.google.firebase:firebase-common:20.2.0] AndroidManifest.xml:34:13-43
130            android:exported="false" >
130-->[com.google.firebase:firebase-messaging:23.1.0] AndroidManifest.xml:54:13-37
131            <meta-data
131-->[:firebase_messaging] AndroidManifest.xml:38:13-40:85
132                android:name="com.google.firebase.components:io.flutter.plugins.firebase.messaging.FlutterFirebaseAppRegistrar"
132-->[:firebase_messaging] AndroidManifest.xml:39:17-128
133                android:value="com.google.firebase.components.ComponentRegistrar" />
133-->[:firebase_messaging] AndroidManifest.xml:40:17-82
134            <meta-data
134-->[:firebase_crashlytics] AndroidManifest.xml:11:13-13:85
135                android:name="com.google.firebase.components:io.flutter.plugins.firebase.crashlytics.FlutterFirebaseAppRegistrar"
135-->[:firebase_crashlytics] AndroidManifest.xml:12:17-130
136                android:value="com.google.firebase.components.ComponentRegistrar" />
136-->[:firebase_crashlytics] AndroidManifest.xml:13:17-82
137            <meta-data
137-->[:cloud_firestore] AndroidManifest.xml:11:13-13:85
138                android:name="com.google.firebase.components:io.flutter.plugins.firebase.firestore.FlutterFirebaseFirestoreRegistrar"
138-->[:cloud_firestore] AndroidManifest.xml:12:17-134
139                android:value="com.google.firebase.components.ComponentRegistrar" />
139-->[:cloud_firestore] AndroidManifest.xml:13:17-82
140            <meta-data
140-->[:firebase_analytics] AndroidManifest.xml:15:13-17:85
141                android:name="com.google.firebase.components:io.flutter.plugins.firebase.analytics.FlutterFirebaseAppRegistrar"
141-->[:firebase_analytics] AndroidManifest.xml:16:17-128
142                android:value="com.google.firebase.components.ComponentRegistrar" />
142-->[:firebase_analytics] AndroidManifest.xml:17:17-82
143            <meta-data
143-->[:firebase_auth] AndroidManifest.xml:11:13-13:85
144                android:name="com.google.firebase.components:io.flutter.plugins.firebase.auth.FlutterFirebaseAuthRegistrar"
144-->[:firebase_auth] AndroidManifest.xml:12:17-124
145                android:value="com.google.firebase.components.ComponentRegistrar" />
145-->[:firebase_auth] AndroidManifest.xml:13:17-82
146            <meta-data
146-->[:firebase_storage] AndroidManifest.xml:11:13-13:85
147                android:name="com.google.firebase.components:io.flutter.plugins.firebase.storage.FlutterFirebaseAppRegistrar"
147-->[:firebase_storage] AndroidManifest.xml:12:17-126
148                android:value="com.google.firebase.components.ComponentRegistrar" />
148-->[:firebase_storage] AndroidManifest.xml:13:17-82
149            <meta-data
149-->[:firebase_core] AndroidManifest.xml:11:13-13:85
150                android:name="com.google.firebase.components:io.flutter.plugins.firebase.core.FlutterFirebaseCoreRegistrar"
150-->[:firebase_core] AndroidManifest.xml:12:17-124
151                android:value="com.google.firebase.components.ComponentRegistrar" />
151-->[:firebase_core] AndroidManifest.xml:13:17-82
152            <meta-data
152-->[com.google.firebase:firebase-messaging:23.1.0] AndroidManifest.xml:55:13-57:85
153                android:name="com.google.firebase.components:com.google.firebase.messaging.FirebaseMessagingRegistrar"
153-->[com.google.firebase:firebase-messaging:23.1.0] AndroidManifest.xml:56:17-119
154                android:value="com.google.firebase.components.ComponentRegistrar" />
154-->[com.google.firebase:firebase-messaging:23.1.0] AndroidManifest.xml:57:17-82
155            <meta-data
155-->[com.google.firebase:firebase-crashlytics:18.3.2] AndroidManifest.xml:17:13-19:85
156                android:name="com.google.firebase.components:com.google.firebase.crashlytics.CrashlyticsRegistrar"
156-->[com.google.firebase:firebase-crashlytics:18.3.2] AndroidManifest.xml:18:17-115
157                android:value="com.google.firebase.components.ComponentRegistrar" />
157-->[com.google.firebase:firebase-crashlytics:18.3.2] AndroidManifest.xml:19:17-82
158            <meta-data
158-->[com.google.firebase:firebase-firestore:24.4.0] AndroidManifest.xml:19:13-21:85
159                android:name="com.google.firebase.components:com.google.firebase.firestore.FirestoreRegistrar"
159-->[com.google.firebase:firebase-firestore:24.4.0] AndroidManifest.xml:20:17-111
160                android:value="com.google.firebase.components.ComponentRegistrar" />
160-->[com.google.firebase:firebase-firestore:24.4.0] AndroidManifest.xml:21:17-82
161            <meta-data
161-->[com.google.android.gms:play-services-measurement-api:21.2.0] AndroidManifest.xml:31:13-33:85
162                android:name="com.google.firebase.components:com.google.firebase.analytics.connector.internal.AnalyticsConnectorRegistrar"
162-->[com.google.android.gms:play-services-measurement-api:21.2.0] AndroidManifest.xml:32:17-139
163                android:value="com.google.firebase.components.ComponentRegistrar" />
163-->[com.google.android.gms:play-services-measurement-api:21.2.0] AndroidManifest.xml:33:17-82
164            <meta-data
164-->[com.google.firebase:firebase-datatransport:18.1.7] AndroidManifest.xml:27:13-29:85
165                android:name="com.google.firebase.components:com.google.firebase.datatransport.TransportRegistrar"
165-->[com.google.firebase:firebase-datatransport:18.1.7] AndroidManifest.xml:28:17-115
166                android:value="com.google.firebase.components.ComponentRegistrar" />
166-->[com.google.firebase:firebase-datatransport:18.1.7] AndroidManifest.xml:29:17-82
167            <meta-data
167-->[com.google.firebase:firebase-iid:21.1.0] AndroidManifest.xml:32:13-34:85
168                android:name="com.google.firebase.components:com.google.firebase.iid.Registrar"
168-->[com.google.firebase:firebase-iid:21.1.0] AndroidManifest.xml:33:17-96
169                android:value="com.google.firebase.components.ComponentRegistrar" />
169-->[com.google.firebase:firebase-iid:21.1.0] AndroidManifest.xml:34:17-82
170            <meta-data
170-->[com.google.firebase:firebase-installations:17.1.0] AndroidManifest.xml:17:13-19:85
171                android:name="com.google.firebase.components:com.google.firebase.installations.FirebaseInstallationsRegistrar"
171-->[com.google.firebase:firebase-installations:17.1.0] AndroidManifest.xml:18:17-127
172                android:value="com.google.firebase.components.ComponentRegistrar" />
172-->[com.google.firebase:firebase-installations:17.1.0] AndroidManifest.xml:19:17-82
173            <meta-data
173-->[com.google.firebase:firebase-storage:20.1.0] AndroidManifest.xml:32:13-34:85
174                android:name="com.google.firebase.components:com.google.firebase.storage.StorageRegistrar"
174-->[com.google.firebase:firebase-storage:20.1.0] AndroidManifest.xml:33:17-107
175                android:value="com.google.firebase.components.ComponentRegistrar" />
175-->[com.google.firebase:firebase-storage:20.1.0] AndroidManifest.xml:34:17-82
176            <meta-data
176-->[com.google.firebase:firebase-auth:21.1.0] AndroidManifest.xml:67:13-69:85
177                android:name="com.google.firebase.components:com.google.firebase.auth.FirebaseAuthRegistrar"
177-->[com.google.firebase:firebase-auth:21.1.0] AndroidManifest.xml:68:17-109
178                android:value="com.google.firebase.components.ComponentRegistrar" />
178-->[com.google.firebase:firebase-auth:21.1.0] AndroidManifest.xml:69:17-82
179        </service>
180
181        <provider
181-->[:firebase_messaging] AndroidManifest.xml:43:9-47:38
182            android:name="io.flutter.plugins.firebase.messaging.FlutterFirebaseMessagingInitProvider"
182-->[:firebase_messaging] AndroidManifest.xml:44:13-102
183            android:authorities="com.interm.mobile_application_srisawad.flutterfirebasemessaginginitprovider"
183-->[:firebase_messaging] AndroidManifest.xml:45:13-88
184            android:exported="false"
184-->[:firebase_messaging] AndroidManifest.xml:46:13-37
185            android:initOrder="99" />
185-->[:firebase_messaging] AndroidManifest.xml:47:13-35
186
187        <service
187-->[:geolocator_android] AndroidManifest.xml:10:9-14:56
188            android:name="com.baseflow.geolocator.GeolocatorLocationService"
188-->[:geolocator_android] AndroidManifest.xml:11:13-77
189            android:enabled="true"
189-->[:geolocator_android] AndroidManifest.xml:12:13-35
190            android:exported="false"
190-->[:geolocator_android] AndroidManifest.xml:13:13-37
191            android:foregroundServiceType="location" />
191-->[:geolocator_android] AndroidManifest.xml:14:13-53
192
193        <receiver
193-->[:flutter_local_notifications] AndroidManifest.xml:16:9-18:40
194            android:name="com.dexterous.flutterlocalnotifications.ActionBroadcastReceiver"
194-->[:flutter_local_notifications] AndroidManifest.xml:17:13-91
195            android:exported="false" />
195-->[:flutter_local_notifications] AndroidManifest.xml:18:13-37
196        <receiver
196-->[:flutter_local_notifications] AndroidManifest.xml:19:9-21:40
197            android:name="com.dexterous.flutterlocalnotifications.ScheduledNotificationReceiver"
197-->[:flutter_local_notifications] AndroidManifest.xml:20:13-97
198            android:exported="false" />
198-->[:flutter_local_notifications] AndroidManifest.xml:21:13-37
199        <receiver
199-->[:flutter_local_notifications] AndroidManifest.xml:22:9-31:20
200            android:name="com.dexterous.flutterlocalnotifications.ScheduledNotificationBootReceiver"
200-->[:flutter_local_notifications] AndroidManifest.xml:23:13-101
201            android:exported="false" >
201-->[:flutter_local_notifications] AndroidManifest.xml:24:13-37
202            <intent-filter>
202-->[:flutter_local_notifications] AndroidManifest.xml:25:13-30:29
203                <action android:name="android.intent.action.BOOT_COMPLETED" />
203-->[:flutter_local_notifications] AndroidManifest.xml:26:17-79
203-->[:flutter_local_notifications] AndroidManifest.xml:26:25-76
204                <action android:name="android.intent.action.MY_PACKAGE_REPLACED" />
204-->[:flutter_local_notifications] AndroidManifest.xml:27:17-84
204-->[:flutter_local_notifications] AndroidManifest.xml:27:25-81
205                <action android:name="android.intent.action.QUICKBOOT_POWERON" />
205-->[:flutter_local_notifications] AndroidManifest.xml:28:17-82
205-->[:flutter_local_notifications] AndroidManifest.xml:28:25-79
206                <action android:name="com.htc.intent.action.QUICKBOOT_POWERON" />
206-->[:flutter_local_notifications] AndroidManifest.xml:29:17-82
206-->[:flutter_local_notifications] AndroidManifest.xml:29:25-79
207            </intent-filter>
208        </receiver>
209
210        <provider
210-->[:image_picker_android] AndroidManifest.xml:10:9-18:20
211            android:name="io.flutter.plugins.imagepicker.ImagePickerFileProvider"
211-->[:image_picker_android] AndroidManifest.xml:11:13-82
212            android:authorities="com.interm.mobile_application_srisawad.flutter.image_provider"
212-->[:image_picker_android] AndroidManifest.xml:12:13-74
213            android:exported="false"
213-->[:image_picker_android] AndroidManifest.xml:13:13-37
214            android:grantUriPermissions="true" >
214-->[:image_picker_android] AndroidManifest.xml:14:13-47
215            <meta-data
215-->[:image_picker_android] AndroidManifest.xml:15:13-17:75
216                android:name="android.support.FILE_PROVIDER_PATHS"
216-->[:image_picker_android] AndroidManifest.xml:16:17-67
217                android:resource="@xml/flutter_image_picker_file_paths" />
217-->[:image_picker_android] AndroidManifest.xml:17:17-72
218        </provider>
219
220        <activity
220-->[:url_launcher_android] AndroidManifest.xml:10:9-13:74
221            android:name="io.flutter.plugins.urllauncher.WebViewActivity"
221-->[:url_launcher_android] AndroidManifest.xml:11:13-74
222            android:exported="false"
222-->[:url_launcher_android] AndroidManifest.xml:12:13-37
223            android:theme="@android:style/Theme.NoTitleBar.Fullscreen" />
223-->[:url_launcher_android] AndroidManifest.xml:13:13-71
224
225        <service
225-->[:location] AndroidManifest.xml:13:9-17:56
226            android:name="com.lyokone.location.FlutterLocationService"
226-->[:location] AndroidManifest.xml:14:13-71
227            android:enabled="true"
227-->[:location] AndroidManifest.xml:15:13-35
228            android:exported="false"
228-->[:location] AndroidManifest.xml:16:13-37
229            android:foregroundServiceType="location" /> <!-- Needs to be explicitly declared on P+ -->
229-->[:location] AndroidManifest.xml:17:13-53
230        <uses-library
230-->[com.google.android.gms:play-services-maps:18.1.0] AndroidManifest.xml:39:9-41:40
231            android:name="org.apache.http.legacy"
231-->[com.google.android.gms:play-services-maps:18.1.0] AndroidManifest.xml:40:13-50
232            android:required="false" />
232-->[com.google.android.gms:play-services-maps:18.1.0] AndroidManifest.xml:41:13-37
233
234        <receiver
234-->[com.google.firebase:firebase-messaging:23.1.0] AndroidManifest.xml:31:9-38:20
235            android:name="com.google.firebase.iid.FirebaseInstanceIdReceiver"
235-->[com.google.firebase:firebase-messaging:23.1.0] AndroidManifest.xml:32:13-78
236            android:exported="true"
236-->[com.google.firebase:firebase-messaging:23.1.0] AndroidManifest.xml:33:13-36
237            android:permission="com.google.android.c2dm.permission.SEND" >
237-->[com.google.firebase:firebase-messaging:23.1.0] AndroidManifest.xml:34:13-73
238            <intent-filter>
238-->[:firebase_messaging] AndroidManifest.xml:32:13-34:29
239                <action android:name="com.google.android.c2dm.intent.RECEIVE" />
239-->[:firebase_messaging] AndroidManifest.xml:33:17-81
239-->[:firebase_messaging] AndroidManifest.xml:33:25-78
240            </intent-filter>
241        </receiver>
242        <!--
243             FirebaseMessagingService performs security checks at runtime,
244             but set to not exported to explicitly avoid allowing another app to call it.
245        -->
246        <service
246-->[com.google.firebase:firebase-messaging:23.1.0] AndroidManifest.xml:44:9-51:19
247            android:name="com.google.firebase.messaging.FirebaseMessagingService"
247-->[com.google.firebase:firebase-messaging:23.1.0] AndroidManifest.xml:45:13-82
248            android:directBootAware="true"
248-->[com.google.firebase:firebase-messaging:23.1.0] AndroidManifest.xml:46:13-43
249            android:exported="false" >
249-->[com.google.firebase:firebase-messaging:23.1.0] AndroidManifest.xml:47:13-37
250            <intent-filter android:priority="-500" >
250-->[:firebase_messaging] AndroidManifest.xml:23:13-25:29
251                <action android:name="com.google.firebase.MESSAGING_EVENT" />
251-->[:firebase_messaging] AndroidManifest.xml:24:17-78
251-->[:firebase_messaging] AndroidManifest.xml:24:25-75
252            </intent-filter>
253        </service>
254
255        <activity
255-->[com.google.firebase:firebase-auth:21.1.0] AndroidManifest.xml:27:9-44:20
256            android:name="com.google.firebase.auth.internal.GenericIdpActivity"
256-->[com.google.firebase:firebase-auth:21.1.0] AndroidManifest.xml:28:13-80
257            android:excludeFromRecents="true"
257-->[com.google.firebase:firebase-auth:21.1.0] AndroidManifest.xml:29:13-46
258            android:exported="true"
258-->[com.google.firebase:firebase-auth:21.1.0] AndroidManifest.xml:30:13-36
259            android:launchMode="singleTask"
259-->[com.google.firebase:firebase-auth:21.1.0] AndroidManifest.xml:31:13-44
260            android:theme="@android:style/Theme.Translucent.NoTitleBar" >
260-->[com.google.firebase:firebase-auth:21.1.0] AndroidManifest.xml:32:13-72
261            <intent-filter>
261-->[com.google.firebase:firebase-auth:21.1.0] AndroidManifest.xml:33:13-43:29
262                <action android:name="android.intent.action.VIEW" />
262-->[com.google.firebase:firebase-auth:21.1.0] AndroidManifest.xml:34:17-69
262-->[com.google.firebase:firebase-auth:21.1.0] AndroidManifest.xml:34:25-66
263
264                <category android:name="android.intent.category.DEFAULT" />
264-->[com.google.firebase:firebase-auth:21.1.0] AndroidManifest.xml:36:17-76
264-->[com.google.firebase:firebase-auth:21.1.0] AndroidManifest.xml:36:27-73
265                <category android:name="android.intent.category.BROWSABLE" />
265-->[com.google.firebase:firebase-auth:21.1.0] AndroidManifest.xml:37:17-78
265-->[com.google.firebase:firebase-auth:21.1.0] AndroidManifest.xml:37:27-75
266
267                <data
267-->[com.google.firebase:firebase-auth:21.1.0] AndroidManifest.xml:39:17-42:51
268                    android:host="firebase.auth"
268-->[com.google.firebase:firebase-auth:21.1.0] AndroidManifest.xml:40:21-49
269                    android:path="/"
269-->[com.google.firebase:firebase-auth:21.1.0] AndroidManifest.xml:41:21-37
270                    android:scheme="genericidp" />
270-->[com.google.firebase:firebase-auth:21.1.0] AndroidManifest.xml:42:21-48
271            </intent-filter>
272        </activity>
273        <activity
273-->[com.google.firebase:firebase-auth:21.1.0] AndroidManifest.xml:45:9-62:20
274            android:name="com.google.firebase.auth.internal.RecaptchaActivity"
274-->[com.google.firebase:firebase-auth:21.1.0] AndroidManifest.xml:46:13-79
275            android:excludeFromRecents="true"
275-->[com.google.firebase:firebase-auth:21.1.0] AndroidManifest.xml:47:13-46
276            android:exported="true"
276-->[com.google.firebase:firebase-auth:21.1.0] AndroidManifest.xml:48:13-36
277            android:launchMode="singleTask"
277-->[com.google.firebase:firebase-auth:21.1.0] AndroidManifest.xml:49:13-44
278            android:theme="@android:style/Theme.Translucent.NoTitleBar" >
278-->[com.google.firebase:firebase-auth:21.1.0] AndroidManifest.xml:50:13-72
279            <intent-filter>
279-->[com.google.firebase:firebase-auth:21.1.0] AndroidManifest.xml:51:13-61:29
280                <action android:name="android.intent.action.VIEW" />
280-->[com.google.firebase:firebase-auth:21.1.0] AndroidManifest.xml:34:17-69
280-->[com.google.firebase:firebase-auth:21.1.0] AndroidManifest.xml:34:25-66
281
282                <category android:name="android.intent.category.DEFAULT" />
282-->[com.google.firebase:firebase-auth:21.1.0] AndroidManifest.xml:36:17-76
282-->[com.google.firebase:firebase-auth:21.1.0] AndroidManifest.xml:36:27-73
283                <category android:name="android.intent.category.BROWSABLE" />
283-->[com.google.firebase:firebase-auth:21.1.0] AndroidManifest.xml:37:17-78
283-->[com.google.firebase:firebase-auth:21.1.0] AndroidManifest.xml:37:27-75
284
285                <data
285-->[com.google.firebase:firebase-auth:21.1.0] AndroidManifest.xml:39:17-42:51
286                    android:host="firebase.auth"